-- Install configuration: ""
-- Up-to-date: /home/ubuntu/chapt6/chapt6_ws/install/my_robo_description/share/my_robo_description/launch
-- Up-to-date: /home/ubuntu/chapt6/chapt6_ws/install/my_robo_description/share/my_robo_description/launch/gazebo_sim.launch.py
-- Up-to-date: /home/ubuntu/chapt6/chapt6_ws/install/my_robo_description/share/my_robo_description/launch/display_robot.launch.py
-- Up-to-date: /home/ubuntu/chapt6/chapt6_ws/install/my_robo_description/share/my_robo_description/URDF
-- Up-to-date: /home/ubuntu/chapt6/chapt6_ws/install/my_robo_description/share/my_robo_description/URDF/sensor
-- Up-to-date: /home/ubuntu/chapt6/chapt6_ws/install/my_robo_description/share/my_robo_description/URDF/sensor/camera.urdf.xacro
-- Up-to-date: /home/ubuntu/chapt6/chapt6_ws/install/my_robo_description/share/my_robo_description/URDF/sensor/lidar.urdf.xacro
-- Up-to-date: /home/ubuntu/chapt6/chapt6_ws/install/my_robo_description/share/my_robo_description/URDF/sensor/imu.urdf.xacro
-- Up-to-date: /home/ubuntu/chapt6/chapt6_ws/install/my_robo_description/share/my_robo_description/URDF/ano_robo_gazebo_ros2_cotrol.xacro
-- Up-to-date: /home/ubuntu/chapt6/chapt6_ws/install/my_robo_description/share/my_robo_description/URDF/body_
-- Up-to-date: /home/ubuntu/chapt6/chapt6_ws/install/my_robo_description/share/my_robo_description/URDF/body_/wheel_wangxianglun.urdf.xacro
-- Up-to-date: /home/ubuntu/chapt6/chapt6_ws/install/my_robo_description/share/my_robo_description/URDF/body_/wheel.urdf.xacro
-- Up-to-date: /home/ubuntu/chapt6/chapt6_ws/install/my_robo_description/share/my_robo_description/URDF/my_robo.urdf
-- Up-to-date: /home/ubuntu/chapt6/chapt6_ws/install/my_robo_description/share/my_robo_description/URDF/plugins
-- Up-to-date: /home/ubuntu/chapt6/chapt6_ws/install/my_robo_description/share/my_robo_description/URDF/plugins/gazebo_control_plugin.xacro
-- Up-to-date: /home/ubuntu/chapt6/chapt6_ws/install/my_robo_description/share/my_robo_description/URDF/plugins/gazebo_sensor_plugin.xacro
-- Up-to-date: /home/ubuntu/chapt6/chapt6_ws/install/my_robo_description/share/my_robo_description/URDF/my_robo.gv
-- Up-to-date: /home/ubuntu/chapt6/chapt6_ws/install/my_robo_description/share/my_robo_description/URDF/my_robo.xacro
-- Up-to-date: /home/ubuntu/chapt6/chapt6_ws/install/my_robo_description/share/my_robo_description/URDF/base.urdf.xacro
-- Up-to-date: /home/ubuntu/chapt6/chapt6_ws/install/my_robo_description/share/my_robo_description/URDF/my_robo.pdf
-- Up-to-date: /home/ubuntu/chapt6/chapt6_ws/install/my_robo_description/share/my_robo_description/URDF/common_interia.xacro
-- Up-to-date: /home/ubuntu/chapt6/chapt6_ws/install/my_robo_description/share/my_robo_description/URDF/ano_robo.urdf.xacro
-- Up-to-date: /home/ubuntu/chapt6/chapt6_ws/install/my_robo_description/share/my_robo_description/config
-- Up-to-date: /home/ubuntu/chapt6/chapt6_ws/install/my_robo_description/share/my_robo_description/config/CHENZHIGazeBorobo.yaml
-- Up-to-date: /home/ubuntu/chapt6/chapt6_ws/install/my_robo_description/share/my_robo_description/config/display_robot_model.rviz
-- Up-to-date: /home/ubuntu/chapt6/chapt6_ws/install/my_robo_description/share/my_robo_description/world
-- Up-to-date: /home/ubuntu/chapt6/chapt6_ws/install/my_robo_description/share/my_robo_description/world/room
-- Up-to-date: /home/ubuntu/chapt6/chapt6_ws/install/my_robo_description/share/my_robo_description/world/room/model.config
-- Up-to-date: /home/ubuntu/chapt6/chapt6_ws/install/my_robo_description/share/my_robo_description/world/room/model.sdf
-- Up-to-date: /home/ubuntu/chapt6/chapt6_ws/install/my_robo_description/share/my_robo_description/world/custom_room.world
-- Up-to-date: /home/ubuntu/chapt6/chapt6_ws/install/my_robo_description/share/ament_index/resource_index/package_run_dependencies/my_robo_description
-- Up-to-date: /home/ubuntu/chapt6/chapt6_ws/install/my_robo_description/share/ament_index/resource_index/parent_prefix_path/my_robo_description
-- Up-to-date: /home/ubuntu/chapt6/chapt6_ws/install/my_robo_description/share/my_robo_description/environment/ament_prefix_path.sh
-- Up-to-date: /home/ubuntu/chapt6/chapt6_ws/install/my_robo_description/share/my_robo_description/environment/ament_prefix_path.dsv
-- Up-to-date: /home/ubuntu/chapt6/chapt6_ws/install/my_robo_description/share/my_robo_description/environment/path.sh
-- Up-to-date: /home/ubuntu/chapt6/chapt6_ws/install/my_robo_description/share/my_robo_description/environment/path.dsv
-- Up-to-date: /home/ubuntu/chapt6/chapt6_ws/install/my_robo_description/share/my_robo_description/local_setup.bash
-- Up-to-date: /home/ubuntu/chapt6/chapt6_ws/install/my_robo_description/share/my_robo_description/local_setup.sh
-- Up-to-date: /home/ubuntu/chapt6/chapt6_ws/install/my_robo_description/share/my_robo_description/local_setup.zsh
-- Up-to-date: /home/ubuntu/chapt6/chapt6_ws/install/my_robo_description/share/my_robo_description/local_setup.dsv
-- Installing: /home/ubuntu/chapt6/chapt6_ws/install/my_robo_description/share/my_robo_description/package.dsv
-- Up-to-date: /home/ubuntu/chapt6/chapt6_ws/install/my_robo_description/share/ament_index/resource_index/packages/my_robo_description
-- Up-to-date: /home/ubuntu/chapt6/chapt6_ws/install/my_robo_description/share/my_robo_description/cmake/my_robo_descriptionConfig.cmake
-- Up-to-date: /home/ubuntu/chapt6/chapt6_ws/install/my_robo_description/share/my_robo_description/cmake/my_robo_descriptionConfig-version.cmake
-- Up-to-date: /home/ubuntu/chapt6/chapt6_ws/install/my_robo_description/share/my_robo_description/package.xml
