[0.035s] Invoking command in '/home/ubuntu/chapt6/chapt6_ws/build/my_robo_description': CMAKE_PREFIX_PATH=${CMAKE_PREFIX_PATH}:/opt/ros/humble /usr/bin/cmake /home/ubuntu/chapt6/chapt6_ws/src/my_robo_description -DCMAKE_INSTALL_PREFIX=/home/ubuntu/chapt6/chapt6_ws/install/my_robo_description
[0.393s] -- The C compiler identification is GNU 11.4.0
[0.609s] -- The CXX compiler identification is GNU 11.4.0
[0.635s] -- Detecting C compiler ABI info
[0.814s] -- Detecting C compiler ABI info - done
[0.826s] -- Check for working C compiler: /usr/bin/cc - skipped
[0.828s] -- Detecting C compile features
[0.828s] -- Detecting C compile features - done
[0.836s] -- Detecting CXX compiler ABI info
[1.011s] -- Detecting CXX compiler ABI info - done
[1.022s] -- Check for working CXX compiler: /usr/bin/c++ - skipped
[1.023s] -- Detecting CXX compile features
[1.023s] -- Detecting CXX compile features - done
[1.045s] -- Found ament_cmake: 1.3.11 (/opt/ros/humble/share/ament_cmake/cmake)
[1.304s] -- Found Python3: /usr/bin/python3 (found version "3.10.12") found components: Interpreter 
[1.506s] -- Found ament_lint_auto: 0.12.11 (/opt/ros/humble/share/ament_lint_auto/cmake)
[1.628s] -- Added test 'flake8' to check Python code syntax and style conventions
[1.631s] -- Added test 'lint_cmake' to check CMake code style
[1.631s] -- Added test 'pep257' to check Python code against some of the docstring style conventions in PEP 257
[1.637s] -- Added test 'xmllint' to check XML markup files
[1.640s] -- Configuring done
[1.645s] -- Generating done
[1.647s] -- Build files have been written to: /home/ubuntu/chapt6/chapt6_ws/build/my_robo_description
[1.653s] Invoked command in '/home/ubuntu/chapt6/chapt6_ws/build/my_robo_description' returned '0': CMAKE_PREFIX_PATH=${CMAKE_PREFIX_PATH}:/opt/ros/humble /usr/bin/cmake /home/ubuntu/chapt6/chapt6_ws/src/my_robo_description -DCMAKE_INSTALL_PREFIX=/home/ubuntu/chapt6/chapt6_ws/install/my_robo_description
[1.659s] Invoking command in '/home/ubuntu/chapt6/chapt6_ws/build/my_robo_description': CMAKE_PREFIX_PATH=${CMAKE_PREFIX_PATH}:/opt/ros/humble /usr/bin/cmake --build /home/ubuntu/chapt6/chapt6_ws/build/my_robo_description -- -j4 -l4
[1.737s] Invoked command in '/home/ubuntu/chapt6/chapt6_ws/build/my_robo_description' returned '0': CMAKE_PREFIX_PATH=${CMAKE_PREFIX_PATH}:/opt/ros/humble /usr/bin/cmake --build /home/ubuntu/chapt6/chapt6_ws/build/my_robo_description -- -j4 -l4
[1.758s] Invoking command in '/home/ubuntu/chapt6/chapt6_ws/build/my_robo_description': CMAKE_PREFIX_PATH=${CMAKE_PREFIX_PATH}:/opt/ros/humble /usr/bin/cmake --install /home/ubuntu/chapt6/chapt6_ws/build/my_robo_description
[1.777s] -- Install configuration: ""
[1.777s] -- Installing: /home/ubuntu/chapt6/chapt6_ws/install/my_robo_description/share/my_robo_description/launch
[1.777s] -- Installing: /home/ubuntu/chapt6/chapt6_ws/install/my_robo_description/share/my_robo_description/launch/gazebo_sim.launch.py
[1.778s] -- Installing: /home/ubuntu/chapt6/chapt6_ws/install/my_robo_description/share/my_robo_description/launch/display_robot.launch.py
[1.780s] -- Installing: /home/ubuntu/chapt6/chapt6_ws/install/my_robo_description/share/my_robo_description/URDF
[1.781s] -- Installing: /home/ubuntu/chapt6/chapt6_ws/install/my_robo_description/share/my_robo_description/URDF/sensor
[1.782s] -- Installing: /home/ubuntu/chapt6/chapt6_ws/install/my_robo_description/share/my_robo_description/URDF/sensor/camera.urdf.xacro
[1.783s] -- Installing: /home/ubuntu/chapt6/chapt6_ws/install/my_robo_description/share/my_robo_description/URDF/sensor/lidar.urdf.xacro
[1.786s] -- Installing: /home/ubuntu/chapt6/chapt6_ws/install/my_robo_description/share/my_robo_description/URDF/sensor/imu.urdf.xacro
[1.787s] -- Installing: /home/ubuntu/chapt6/chapt6_ws/install/my_robo_description/share/my_robo_description/URDF/body_
[1.788s] -- Installing: /home/ubuntu/chapt6/chapt6_ws/install/my_robo_description/share/my_robo_description/URDF/body_/wheel_wangxianglun.urdf.xacro
[1.788s] -- Installing: /home/ubuntu/chapt6/chapt6_ws/install/my_robo_description/share/my_robo_description/URDF/body_/wheel.urdf.xacro
[1.789s] -- Installing: /home/ubuntu/chapt6/chapt6_ws/install/my_robo_description/share/my_robo_description/URDF/my_robo.urdf
[1.791s] -- Installing: /home/ubuntu/chapt6/chapt6_ws/install/my_robo_description/share/my_robo_description/URDF/my_robo.gv
[1.792s] -- Installing: /home/ubuntu/chapt6/chapt6_ws/install/my_robo_description/share/my_robo_description/URDF/my_robo.xacro
[1.792s] -- Installing: /home/ubuntu/chapt6/chapt6_ws/install/my_robo_description/share/my_robo_description/URDF/base.urdf.xacro
[1.793s] -- Installing: /home/ubuntu/chapt6/chapt6_ws/install/my_robo_description/share/my_robo_description/URDF/my_robo.pdf
[1.794s] -- Installing: /home/ubuntu/chapt6/chapt6_ws/install/my_robo_description/share/my_robo_description/URDF/ano_robo.urdf.xacro
[1.796s] -- Installing: /home/ubuntu/chapt6/chapt6_ws/install/my_robo_description/share/my_robo_description/config
[1.797s] -- Installing: /home/ubuntu/chapt6/chapt6_ws/install/my_robo_description/share/my_robo_description/config/display_robot_model.rviz
[1.797s] -- Installing: /home/ubuntu/chapt6/chapt6_ws/install/my_robo_description/share/my_robo_description/world
[1.797s] -- Installing: /home/ubuntu/chapt6/chapt6_ws/install/my_robo_description/share/my_robo_description/world/room
[1.798s] -- Installing: /home/ubuntu/chapt6/chapt6_ws/install/my_robo_description/share/my_robo_description/world/room/model.config
[1.801s] -- Installing: /home/ubuntu/chapt6/chapt6_ws/install/my_robo_description/share/my_robo_description/world/room/model.sdf
[1.803s] -- Installing: /home/ubuntu/chapt6/chapt6_ws/install/my_robo_description/share/my_robo_description/world/custom_room.world
[1.803s] -- Installing: /home/ubuntu/chapt6/chapt6_ws/install/my_robo_description/share/ament_index/resource_index/package_run_dependencies/my_robo_description
[1.805s] -- Installing: /home/ubuntu/chapt6/chapt6_ws/install/my_robo_description/share/ament_index/resource_index/parent_prefix_path/my_robo_description
[1.805s] -- Installing: /home/ubuntu/chapt6/chapt6_ws/install/my_robo_description/share/my_robo_description/environment/ament_prefix_path.sh
[1.805s] -- Installing: /home/ubuntu/chapt6/chapt6_ws/install/my_robo_description/share/my_robo_description/environment/ament_prefix_path.dsv
[1.807s] -- Installing: /home/ubuntu/chapt6/chapt6_ws/install/my_robo_description/share/my_robo_description/environment/path.sh
[1.807s] -- Installing: /home/ubuntu/chapt6/chapt6_ws/install/my_robo_description/share/my_robo_description/environment/path.dsv
[1.807s] -- Installing: /home/ubuntu/chapt6/chapt6_ws/install/my_robo_description/share/my_robo_description/local_setup.bash
[1.807s] -- Installing: /home/ubuntu/chapt6/chapt6_ws/install/my_robo_description/share/my_robo_description/local_setup.sh
[1.807s] -- Installing: /home/ubuntu/chapt6/chapt6_ws/install/my_robo_description/share/my_robo_description/local_setup.zsh
[1.807s] -- Installing: /home/ubuntu/chapt6/chapt6_ws/install/my_robo_description/share/my_robo_description/local_setup.dsv
[1.808s] -- Installing: /home/ubuntu/chapt6/chapt6_ws/install/my_robo_description/share/my_robo_description/package.dsv
[1.809s] -- Installing: /home/ubuntu/chapt6/chapt6_ws/install/my_robo_description/share/ament_index/resource_index/packages/my_robo_description
[1.810s] -- Installing: /home/ubuntu/chapt6/chapt6_ws/install/my_robo_description/share/my_robo_description/cmake/my_robo_descriptionConfig.cmake
[1.813s] -- Installing: /home/ubuntu/chapt6/chapt6_ws/install/my_robo_description/share/my_robo_description/cmake/my_robo_descriptionConfig-version.cmake
[1.814s] -- Installing: /home/ubuntu/chapt6/chapt6_ws/install/my_robo_description/share/my_robo_description/package.xml
[1.819s] Invoked command in '/home/ubuntu/chapt6/chapt6_ws/build/my_robo_description' returned '0': CMAKE_PREFIX_PATH=${CMAKE_PREFIX_PATH}:/opt/ros/humble /usr/bin/cmake --install /home/ubuntu/chapt6/chapt6_ws/build/my_robo_description
